{"/Users/alexandrenunes/Documents/projetos/mathml2asciimath/index.js": {"path":"/Users/alexandrenunes/Documents/projetos/mathml2asciimath/index.js","statementMap":{"0":{"start":{"line":1,"column":24},"end":{"line":1,"column":63}},"1":{"start":{"line":2,"column":23},"end":{"line":2,"column":61}},"2":{"start":{"line":4,"column":0},"end":{"line":13,"column":1}},"3":{"start":{"line":6,"column":4},"end":{"line":6,"column":55}},"4":{"start":{"line":7,"column":4},"end":{"line":7,"column":66}},"5":{"start":{"line":11,"column":4},"end":{"line":11,"column":67}},"6":{"start":{"line":11,"column":39},"end":{"line":11,"column":56}},"7":{"start":{"line":15,"column":16},"end":{"line":38,"column":1}},"8":{"start":{"line":40,"column":16},"end":{"line":48,"column":1}},"9":{"start":{"line":50,"column":16},"end":{"line":70,"column":1}}},"fnMap":{"0":{"name":"(anonymous_0)","decl":{"start":{"line":5,"column":2},"end":{"line":5,"column":3}},"loc":{"start":{"line":5,"column":20},"end":{"line":8,"column":3}},"line":5},"1":{"name":"(anonymous_1)","decl":{"start":{"line":10,"column":2},"end":{"line":10,"column":3}},"loc":{"start":{"line":10,"column":12},"end":{"line":12,"column":3}},"line":10},"2":{"name":"(anonymous_2)","decl":{"start":{"line":11,"column":32},"end":{"line":11,"column":33}},"loc":{"start":{"line":11,"column":39},"end":{"line":11,"column":56}},"line":11}},"branchMap":{},"s":{"0":1,"1":1,"2":1,"3":4,"4":4,"5":4,"6":4,"7":1,"8":1,"9":1},"f":{"0":4,"1":4,"2":4},"b":{},"_coverageSchema":"43e27e138ebf9cfc5966b082cf9a028302ed4184","hash":"32336e2fcacd64cf3c986748856585e11207da6e"}
,"/Users/alexandrenunes/Documents/projetos/mathml2asciimath/asciimath-tags/BaseTag.js": {"path":"/Users/alexandrenunes/Documents/projetos/mathml2asciimath/asciimath-tags/BaseTag.js","statementMap":{"0":{"start":{"line":1,"column":0},"end":{"line":9,"column":1}},"1":{"start":{"line":3,"column":4},"end":{"line":3,"column":19}},"2":{"start":{"line":7,"column":4},"end":{"line":7,"column":37}}},"fnMap":{"0":{"name":"(anonymous_0)","decl":{"start":{"line":2,"column":2},"end":{"line":2,"column":3}},"loc":{"start":{"line":2,"column":19},"end":{"line":4,"column":3}},"line":2},"1":{"name":"(anonymous_1)","decl":{"start":{"line":6,"column":2},"end":{"line":6,"column":3}},"loc":{"start":{"line":6,"column":16},"end":{"line":8,"column":3}},"line":6}},"branchMap":{},"s":{"0":1,"1":12,"2":0},"f":{"0":12,"1":0},"b":{},"_coverageSchema":"43e27e138ebf9cfc5966b082cf9a028302ed4184","hash":"5d18ef8169dd2532c0ad4b0b67475bb5b11647cb"}
,"/Users/alexandrenunes/Documents/projetos/mathml2asciimath/asciimath-tags/MI.js": {"path":"/Users/alexandrenunes/Documents/projetos/mathml2asciimath/asciimath-tags/MI.js","statementMap":{"0":{"start":{"line":1,"column":16},"end":{"line":1,"column":36}},"1":{"start":{"line":3,"column":0},"end":{"line":14,"column":1}},"2":{"start":{"line":5,"column":4},"end":{"line":5,"column":15}},"3":{"start":{"line":9,"column":32},"end":{"line":9,"column":40}},"4":{"start":{"line":10,"column":4},"end":{"line":10,"column":80}},"5":{"start":{"line":10,"column":29},"end":{"line":10,"column":80}},"6":{"start":{"line":12,"column":4},"end":{"line":12,"column":17}}},"fnMap":{"0":{"name":"(anonymous_0)","decl":{"start":{"line":4,"column":2},"end":{"line":4,"column":3}},"loc":{"start":{"line":4,"column":19},"end":{"line":6,"column":3}},"line":4},"1":{"name":"(anonymous_1)","decl":{"start":{"line":8,"column":2},"end":{"line":8,"column":3}},"loc":{"start":{"line":8,"column":16},"end":{"line":13,"column":3}},"line":8}},"branchMap":{"0":{"loc":{"start":{"line":10,"column":4},"end":{"line":10,"column":80}},"type":"if","locations":[{"start":{"line":10,"column":4},"end":{"line":10,"column":80}},{"start":{"line":10,"column":4},"end":{"line":10,"column":80}}],"line":10}},"s":{"0":1,"1":1,"2":1,"3":1,"4":1,"5":0,"6":1},"f":{"0":1,"1":1},"b":{"0":[0,1]},"_coverageSchema":"43e27e138ebf9cfc5966b082cf9a028302ed4184","hash":"ad757b54849a51c2d0e1cde551dd97e5a8037c2c"}
,"/Users/alexandrenunes/Documents/projetos/mathml2asciimath/asciimath-tags/MN.js": {"path":"/Users/alexandrenunes/Documents/projetos/mathml2asciimath/asciimath-tags/MN.js","statementMap":{"0":{"start":{"line":1,"column":16},"end":{"line":1,"column":36}},"1":{"start":{"line":3,"column":0},"end":{"line":14,"column":1}},"2":{"start":{"line":5,"column":4},"end":{"line":5,"column":15}},"3":{"start":{"line":9,"column":32},"end":{"line":9,"column":40}},"4":{"start":{"line":10,"column":4},"end":{"line":10,"column":80}},"5":{"start":{"line":10,"column":29},"end":{"line":10,"column":80}},"6":{"start":{"line":12,"column":4},"end":{"line":12,"column":17}}},"fnMap":{"0":{"name":"(anonymous_0)","decl":{"start":{"line":4,"column":2},"end":{"line":4,"column":3}},"loc":{"start":{"line":4,"column":19},"end":{"line":6,"column":3}},"line":4},"1":{"name":"(anonymous_1)","decl":{"start":{"line":8,"column":2},"end":{"line":8,"column":3}},"loc":{"start":{"line":8,"column":16},"end":{"line":13,"column":3}},"line":8}},"branchMap":{"0":{"loc":{"start":{"line":10,"column":4},"end":{"line":10,"column":80}},"type":"if","locations":[{"start":{"line":10,"column":4},"end":{"line":10,"column":80}},{"start":{"line":10,"column":4},"end":{"line":10,"column":80}}],"line":10}},"s":{"0":1,"1":1,"2":3,"3":3,"4":3,"5":0,"6":3},"f":{"0":3,"1":3},"b":{"0":[0,3]},"_coverageSchema":"43e27e138ebf9cfc5966b082cf9a028302ed4184","hash":"9fda4148edaee11b149041938b3adf64f569e019"}
,"/Users/alexandrenunes/Documents/projetos/mathml2asciimath/asciimath-tags/MO.js": {"path":"/Users/alexandrenunes/Documents/projetos/mathml2asciimath/asciimath-tags/MO.js","statementMap":{"0":{"start":{"line":1,"column":16},"end":{"line":1,"column":36}},"1":{"start":{"line":3,"column":0},"end":{"line":14,"column":1}},"2":{"start":{"line":5,"column":4},"end":{"line":5,"column":15}},"3":{"start":{"line":9,"column":32},"end":{"line":9,"column":40}},"4":{"start":{"line":10,"column":4},"end":{"line":10,"column":80}},"5":{"start":{"line":10,"column":29},"end":{"line":10,"column":80}},"6":{"start":{"line":12,"column":4},"end":{"line":12,"column":17}}},"fnMap":{"0":{"name":"(anonymous_0)","decl":{"start":{"line":4,"column":2},"end":{"line":4,"column":3}},"loc":{"start":{"line":4,"column":19},"end":{"line":6,"column":3}},"line":4},"1":{"name":"(anonymous_1)","decl":{"start":{"line":8,"column":2},"end":{"line":8,"column":3}},"loc":{"start":{"line":8,"column":16},"end":{"line":13,"column":3}},"line":8}},"branchMap":{"0":{"loc":{"start":{"line":10,"column":4},"end":{"line":10,"column":80}},"type":"if","locations":[{"start":{"line":10,"column":4},"end":{"line":10,"column":80}},{"start":{"line":10,"column":4},"end":{"line":10,"column":80}}],"line":10}},"s":{"0":1,"1":1,"2":2,"3":2,"4":2,"5":0,"6":2},"f":{"0":2,"1":2},"b":{"0":[0,2]},"_coverageSchema":"43e27e138ebf9cfc5966b082cf9a028302ed4184","hash":"25abb10670ebdc59143a1975775d84a4ef041b45"}
,"/Users/alexandrenunes/Documents/projetos/mathml2asciimath/asciimath-tags/MRow.js": {"path":"/Users/alexandrenunes/Documents/projetos/mathml2asciimath/asciimath-tags/MRow.js","statementMap":{"0":{"start":{"line":1,"column":16},"end":{"line":1,"column":36}},"1":{"start":{"line":3,"column":0},"end":{"line":11,"column":1}},"2":{"start":{"line":5,"column":4},"end":{"line":5,"column":15}},"3":{"start":{"line":9,"column":4},"end":{"line":9,"column":68}},"4":{"start":{"line":9,"column":40},"end":{"line":9,"column":57}}},"fnMap":{"0":{"name":"(anonymous_0)","decl":{"start":{"line":4,"column":2},"end":{"line":4,"column":3}},"loc":{"start":{"line":4,"column":19},"end":{"line":6,"column":3}},"line":4},"1":{"name":"(anonymous_1)","decl":{"start":{"line":8,"column":2},"end":{"line":8,"column":3}},"loc":{"start":{"line":8,"column":16},"end":{"line":10,"column":3}},"line":8},"2":{"name":"(anonymous_2)","decl":{"start":{"line":9,"column":33},"end":{"line":9,"column":34}},"loc":{"start":{"line":9,"column":40},"end":{"line":9,"column":57}},"line":9}},"branchMap":{},"s":{"0":1,"1":1,"2":1,"3":1,"4":3},"f":{"0":1,"1":1,"2":3},"b":{},"_coverageSchema":"43e27e138ebf9cfc5966b082cf9a028302ed4184","hash":"3dd8f77db748d1a30299ec74e9d0c4a78a59d238"}
,"/Users/alexandrenunes/Documents/projetos/mathml2asciimath/asciimath-tags/MSqrt.js": {"path":"/Users/alexandrenunes/Documents/projetos/mathml2asciimath/asciimath-tags/MSqrt.js","statementMap":{"0":{"start":{"line":1,"column":16},"end":{"line":1,"column":36}},"1":{"start":{"line":3,"column":0},"end":{"line":15,"column":1}},"2":{"start":{"line":5,"column":4},"end":{"line":5,"column":15}},"3":{"start":{"line":9,"column":25},"end":{"line":9,"column":33}},"4":{"start":{"line":11,"column":4},"end":{"line":11,"column":111}},"5":{"start":{"line":11,"column":29},"end":{"line":11,"column":111}},"6":{"start":{"line":13,"column":4},"end":{"line":13,"column":48}}},"fnMap":{"0":{"name":"(anonymous_0)","decl":{"start":{"line":4,"column":2},"end":{"line":4,"column":3}},"loc":{"start":{"line":4,"column":19},"end":{"line":6,"column":3}},"line":4},"1":{"name":"(anonymous_1)","decl":{"start":{"line":8,"column":2},"end":{"line":8,"column":3}},"loc":{"start":{"line":8,"column":16},"end":{"line":14,"column":3}},"line":8}},"branchMap":{"0":{"loc":{"start":{"line":11,"column":4},"end":{"line":11,"column":111}},"type":"if","locations":[{"start":{"line":11,"column":4},"end":{"line":11,"column":111}},{"start":{"line":11,"column":4},"end":{"line":11,"column":111}}],"line":11}},"s":{"0":1,"1":1,"2":1,"3":1,"4":1,"5":0,"6":1},"f":{"0":1,"1":1},"b":{"0":[0,1]},"_coverageSchema":"43e27e138ebf9cfc5966b082cf9a028302ed4184","hash":"1d20952583b3056156a2a63ce0839d078db75fba"}
,"/Users/alexandrenunes/Documents/projetos/mathml2asciimath/asciimath-tags/MSup.js": {"path":"/Users/alexandrenunes/Documents/projetos/mathml2asciimath/asciimath-tags/MSup.js","statementMap":{"0":{"start":{"line":1,"column":16},"end":{"line":1,"column":36}},"1":{"start":{"line":3,"column":0},"end":{"line":22,"column":1}},"2":{"start":{"line":5,"column":4},"end":{"line":5,"column":15}},"3":{"start":{"line":9,"column":25},"end":{"line":9,"column":33}},"4":{"start":{"line":11,"column":4},"end":{"line":13,"column":5}},"5":{"start":{"line":12,"column":6},"end":{"line":12,"column":83}},"6":{"start":{"line":15,"column":17},"end":{"line":15,"column":28}},"7":{"start":{"line":16,"column":21},"end":{"line":16,"column":32}},"8":{"start":{"line":17,"column":22},"end":{"line":17,"column":76}},"9":{"start":{"line":18,"column":26},"end":{"line":18,"column":84}},"10":{"start":{"line":20,"column":4},"end":{"line":20,"column":43}},"11":{"start":{"line":24,"column":43},"end":{"line":26,"column":1}},"12":{"start":{"line":25,"column":2},"end":{"line":25,"column":43}}},"fnMap":{"0":{"name":"(anonymous_0)","decl":{"start":{"line":4,"column":2},"end":{"line":4,"column":3}},"loc":{"start":{"line":4,"column":19},"end":{"line":6,"column":3}},"line":4},"1":{"name":"(anonymous_1)","decl":{"start":{"line":8,"column":2},"end":{"line":8,"column":3}},"loc":{"start":{"line":8,"column":16},"end":{"line":21,"column":3}},"line":8},"2":{"name":"(anonymous_2)","decl":{"start":{"line":24,"column":43},"end":{"line":24,"column":44}},"loc":{"start":{"line":24,"column":50},"end":{"line":26,"column":1}},"line":24}},"branchMap":{"0":{"loc":{"start":{"line":11,"column":4},"end":{"line":13,"column":5}},"type":"if","locations":[{"start":{"line":11,"column":4},"end":{"line":13,"column":5}},{"start":{"line":11,"column":4},"end":{"line":13,"column":5}}],"line":11},"1":{"loc":{"start":{"line":25,"column":9},"end":{"line":25,"column":42}},"type":"cond-expr","locations":[{"start":{"line":25,"column":26},"end":{"line":25,"column":36}},{"start":{"line":25,"column":39},"end":{"line":25,"column":42}}],"line":25}},"s":{"0":1,"1":1,"2":0,"3":0,"4":0,"5":0,"6":0,"7":0,"8":0,"9":0,"10":0,"11":1,"12":0},"f":{"0":0,"1":0,"2":0},"b":{"0":[0,0],"1":[0,0]},"_coverageSchema":"43e27e138ebf9cfc5966b082cf9a028302ed4184","hash":"2944ffe7434af166aba4a349bbe76c5eba4dcba2"}
,"/Users/alexandrenunes/Documents/projetos/mathml2asciimath/asciimath-tags/Math.js": {"path":"/Users/alexandrenunes/Documents/projetos/mathml2asciimath/asciimath-tags/Math.js","statementMap":{"0":{"start":{"line":1,"column":16},"end":{"line":1,"column":36}},"1":{"start":{"line":3,"column":0},"end":{"line":11,"column":1}},"2":{"start":{"line":5,"column":4},"end":{"line":5,"column":15}},"3":{"start":{"line":9,"column":4},"end":{"line":9,"column":68}},"4":{"start":{"line":9,"column":40},"end":{"line":9,"column":57}}},"fnMap":{"0":{"name":"(anonymous_0)","decl":{"start":{"line":4,"column":2},"end":{"line":4,"column":3}},"loc":{"start":{"line":4,"column":19},"end":{"line":6,"column":3}},"line":4},"1":{"name":"(anonymous_1)","decl":{"start":{"line":8,"column":2},"end":{"line":8,"column":3}},"loc":{"start":{"line":8,"column":16},"end":{"line":10,"column":3}},"line":8},"2":{"name":"(anonymous_2)","decl":{"start":{"line":9,"column":33},"end":{"line":9,"column":34}},"loc":{"start":{"line":9,"column":40},"end":{"line":9,"column":57}},"line":9}},"branchMap":{},"s":{"0":1,"1":1,"2":4,"3":4,"4":4},"f":{"0":4,"1":4,"2":4},"b":{},"_coverageSchema":"43e27e138ebf9cfc5966b082cf9a028302ed4184","hash":"55197c1cc512b137575f7277404438db38f0a33d"}
,"/Users/alexandrenunes/Documents/projetos/mathml2asciimath/dispatcher/Dispatcher.js": {"path":"/Users/alexandrenunes/Documents/projetos/mathml2asciimath/dispatcher/Dispatcher.js","statementMap":{"0":{"start":{"line":1,"column":13},"end":{"line":1,"column":46}},"1":{"start":{"line":2,"column":11},"end":{"line":2,"column":42}},"2":{"start":{"line":3,"column":11},"end":{"line":3,"column":42}},"3":{"start":{"line":4,"column":11},"end":{"line":4,"column":42}},"4":{"start":{"line":5,"column":13},"end":{"line":5,"column":46}},"5":{"start":{"line":6,"column":13},"end":{"line":6,"column":46}},"6":{"start":{"line":7,"column":14},"end":{"line":7,"column":48}},"7":{"start":{"line":9,"column":0},"end":{"line":38,"column":1}},"8":{"start":{"line":11,"column":4},"end":{"line":11,"column":17}},"9":{"start":{"line":15,"column":34},"end":{"line":15,"column":41}},"10":{"start":{"line":16,"column":21},"end":{"line":16,"column":78}},"11":{"start":{"line":16,"column":48},"end":{"line":16,"column":77}},"12":{"start":{"line":18,"column":4},"end":{"line":36,"column":5}},"13":{"start":{"line":20,"column":8},"end":{"line":20,"column":51}},"14":{"start":{"line":22,"column":8},"end":{"line":22,"column":51}},"15":{"start":{"line":24,"column":8},"end":{"line":24,"column":51}},"16":{"start":{"line":26,"column":8},"end":{"line":26,"column":52}},"17":{"start":{"line":28,"column":8},"end":{"line":28,"column":49}},"18":{"start":{"line":30,"column":8},"end":{"line":30,"column":49}},"19":{"start":{"line":32,"column":8},"end":{"line":32,"column":49}},"20":{"start":{"line":34,"column":8},"end":{"line":34,"column":47}},"21":{"start":{"line":35,"column":8},"end":{"line":35,"column":14}}},"fnMap":{"0":{"name":"(anonymous_0)","decl":{"start":{"line":10,"column":2},"end":{"line":10,"column":3}},"loc":{"start":{"line":10,"column":18},"end":{"line":12,"column":3}},"line":10},"1":{"name":"(anonymous_1)","decl":{"start":{"line":14,"column":2},"end":{"line":14,"column":3}},"loc":{"start":{"line":14,"column":13},"end":{"line":37,"column":3}},"line":14},"2":{"name":"(anonymous_2)","decl":{"start":{"line":16,"column":42},"end":{"line":16,"column":43}},"loc":{"start":{"line":16,"column":48},"end":{"line":16,"column":77}},"line":16}},"branchMap":{"0":{"loc":{"start":{"line":18,"column":4},"end":{"line":36,"column":5}},"type":"switch","locations":[{"start":{"line":19,"column":6},"end":{"line":20,"column":51}},{"start":{"line":21,"column":6},"end":{"line":22,"column":51}},{"start":{"line":23,"column":6},"end":{"line":24,"column":51}},{"start":{"line":25,"column":6},"end":{"line":26,"column":52}},{"start":{"line":27,"column":6},"end":{"line":28,"column":49}},{"start":{"line":29,"column":6},"end":{"line":30,"column":49}},{"start":{"line":31,"column":6},"end":{"line":32,"column":49}},{"start":{"line":33,"column":6},"end":{"line":35,"column":14}}],"line":18}},"s":{"0":1,"1":1,"2":1,"3":1,"4":1,"5":1,"6":1,"7":1,"8":12,"9":12,"10":12,"11":8,"12":12,"13":4,"14":1,"15":0,"16":1,"17":1,"18":2,"19":3,"20":0,"21":0},"f":{"0":12,"1":12,"2":8},"b":{"0":[4,1,0,1,1,2,3,0]},"_coverageSchema":"43e27e138ebf9cfc5966b082cf9a028302ed4184","hash":"327243f131e3fd2d1c93925e9185f524c384b9f3"}
,"/Users/alexandrenunes/Documents/projetos/mathml2asciimath/interfaces/AsciiInterface.js": {"path":"/Users/alexandrenunes/Documents/projetos/mathml2asciimath/interfaces/AsciiInterface.js","statementMap":{"0":{"start":{"line":1,"column":19},"end":{"line":1,"column":54}},"1":{"start":{"line":3,"column":0},"end":{"line":15,"column":1}},"2":{"start":{"line":5,"column":4},"end":{"line":5,"column":35}},"3":{"start":{"line":9,"column":4},"end":{"line":9,"column":57}},"4":{"start":{"line":9,"column":38},"end":{"line":9,"column":55}},"5":{"start":{"line":13,"column":4},"end":{"line":13,"column":41}}},"fnMap":{"0":{"name":"(anonymous_0)","decl":{"start":{"line":4,"column":2},"end":{"line":4,"column":3}},"loc":{"start":{"line":4,"column":27},"end":{"line":6,"column":3}},"line":4},"1":{"name":"(anonymous_1)","decl":{"start":{"line":8,"column":2},"end":{"line":8,"column":3}},"loc":{"start":{"line":8,"column":10},"end":{"line":10,"column":3}},"line":8},"2":{"name":"(anonymous_2)","decl":{"start":{"line":9,"column":32},"end":{"line":9,"column":33}},"loc":{"start":{"line":9,"column":38},"end":{"line":9,"column":55}},"line":9},"3":{"name":"(anonymous_3)","decl":{"start":{"line":12,"column":2},"end":{"line":12,"column":3}},"loc":{"start":{"line":12,"column":15},"end":{"line":14,"column":3}},"line":12}},"branchMap":{},"s":{"0":1,"1":1,"2":4,"3":4,"4":4,"5":4},"f":{"0":4,"1":4,"2":4,"3":4},"b":{},"_coverageSchema":"43e27e138ebf9cfc5966b082cf9a028302ed4184","hash":"f882f33dd327d84ae7cc25f6834d75f41a6ad371"}
,"/Users/alexandrenunes/Documents/projetos/mathml2asciimath/interfaces/XmldocInterface.js": {"path":"/Users/alexandrenunes/Documents/projetos/mathml2asciimath/interfaces/XmldocInterface.js","statementMap":{"0":{"start":{"line":1,"column":15},"end":{"line":1,"column":32}},"1":{"start":{"line":3,"column":0},"end":{"line":30,"column":1}},"2":{"start":{"line":5,"column":4},"end":{"line":5,"column":52}},"3":{"start":{"line":9,"column":4},"end":{"line":9,"column":59}},"4":{"start":{"line":13,"column":4},"end":{"line":15,"column":40}},"5":{"start":{"line":14,"column":20},"end":{"line":14,"column":68}},"6":{"start":{"line":15,"column":17},"end":{"line":15,"column":38}},"7":{"start":{"line":19,"column":4},"end":{"line":24,"column":6}},"8":{"start":{"line":28,"column":4},"end":{"line":28,"column":50}},"9":{"start":{"line":32,"column":33},"end":{"line":32,"column":45}},"10":{"start":{"line":34,"column":20},"end":{"line":34,"column":50}},"11":{"start":{"line":34,"column":26},"end":{"line":34,"column":50}}},"fnMap":{"0":{"name":"(anonymous_0)","decl":{"start":{"line":4,"column":2},"end":{"line":4,"column":3}},"loc":{"start":{"line":4,"column":20},"end":{"line":6,"column":3}},"line":4},"1":{"name":"(anonymous_1)","decl":{"start":{"line":8,"column":2},"end":{"line":8,"column":3}},"loc":{"start":{"line":8,"column":10},"end":{"line":10,"column":3}},"line":8},"2":{"name":"(anonymous_2)","decl":{"start":{"line":12,"column":2},"end":{"line":12,"column":3}},"loc":{"start":{"line":12,"column":30},"end":{"line":16,"column":3}},"line":12},"3":{"name":"(anonymous_3)","decl":{"start":{"line":14,"column":14},"end":{"line":14,"column":15}},"loc":{"start":{"line":14,"column":20},"end":{"line":14,"column":68}},"line":14},"4":{"name":"(anonymous_4)","decl":{"start":{"line":15,"column":11},"end":{"line":15,"column":12}},"loc":{"start":{"line":15,"column":17},"end":{"line":15,"column":38}},"line":15},"5":{"name":"(anonymous_5)","decl":{"start":{"line":18,"column":2},"end":{"line":18,"column":3}},"loc":{"start":{"line":18,"column":24},"end":{"line":25,"column":3}},"line":18},"6":{"name":"(anonymous_6)","decl":{"start":{"line":27,"column":2},"end":{"line":27,"column":3}},"loc":{"start":{"line":27,"column":16},"end":{"line":29,"column":3}},"line":27},"7":{"name":"(anonymous_7)","decl":{"start":{"line":34,"column":20},"end":{"line":34,"column":21}},"loc":{"start":{"line":34,"column":26},"end":{"line":34,"column":50}},"line":34}},"branchMap":{"0":{"loc":{"start":{"line":23,"column":16},"end":{"line":23,"column":89}},"type":"cond-expr","locations":[{"start":{"line":23,"column":39},"end":{"line":23,"column":41}},{"start":{"line":23,"column":44},"end":{"line":23,"column":89}}],"line":23}},"s":{"0":1,"1":1,"2":4,"3":4,"4":16,"5":30,"6":12,"7":12,"8":4,"9":1,"10":1,"11":12},"f":{"0":4,"1":4,"2":16,"3":30,"4":12,"5":12,"6":4,"7":12},"b":{"0":[0,12]},"_coverageSchema":"43e27e138ebf9cfc5966b082cf9a028302ed4184","hash":"5a80121feab0c52a31ca6da58b4533c9dee3ba2b"}
}
