TN:
SF:/Users/alexandrenunes/Documents/projetos/mathml2asciimath/index.js
FN:5,(anonymous_0)
FN:10,(anonymous_1)
FN:11,(anonymous_2)
FNF:3
FNH:3
FNDA:4,(anonymous_0)
FNDA:4,(anonymous_1)
FNDA:4,(anonymous_2)
DA:1,1
DA:2,1
DA:4,1
DA:6,4
DA:7,4
DA:11,4
DA:15,1
DA:40,1
DA:50,1
LF:9
LH:9
BRF:0
BRH:0
end_of_record
TN:
SF:/Users/alexandrenunes/Documents/projetos/mathml2asciimath/asciimath-tags/BaseTag.js
FN:2,(anonymous_0)
FN:6,(anonymous_1)
FNF:2
FNH:1
FNDA:12,(anonymous_0)
FNDA:0,(anonymous_1)
DA:1,1
DA:3,12
DA:7,0
LF:3
LH:2
BRF:0
BRH:0
end_of_record
TN:
SF:/Users/alexandrenunes/Documents/projetos/mathml2asciimath/asciimath-tags/MI.js
FN:4,(anonymous_0)
FN:8,(anonymous_1)
FNF:2
FNH:2
FNDA:1,(anonymous_0)
FNDA:1,(anonymous_1)
DA:1,1
DA:3,1
DA:5,1
DA:9,1
DA:10,1
DA:12,1
LF:6
LH:6
BRDA:10,0,0,0
BRDA:10,0,1,1
BRF:2
BRH:1
end_of_record
TN:
SF:/Users/alexandrenunes/Documents/projetos/mathml2asciimath/asciimath-tags/MN.js
FN:4,(anonymous_0)
FN:8,(anonymous_1)
FNF:2
FNH:2
FNDA:3,(anonymous_0)
FNDA:3,(anonymous_1)
DA:1,1
DA:3,1
DA:5,3
DA:9,3
DA:10,3
DA:12,3
LF:6
LH:6
BRDA:10,0,0,0
BRDA:10,0,1,3
BRF:2
BRH:1
end_of_record
TN:
SF:/Users/alexandrenunes/Documents/projetos/mathml2asciimath/asciimath-tags/MO.js
FN:4,(anonymous_0)
FN:8,(anonymous_1)
FNF:2
FNH:2
FNDA:2,(anonymous_0)
FNDA:2,(anonymous_1)
DA:1,1
DA:3,1
DA:5,2
DA:9,2
DA:10,2
DA:12,2
LF:6
LH:6
BRDA:10,0,0,0
BRDA:10,0,1,2
BRF:2
BRH:1
end_of_record
TN:
SF:/Users/alexandrenunes/Documents/projetos/mathml2asciimath/asciimath-tags/MRow.js
FN:4,(anonymous_0)
FN:8,(anonymous_1)
FN:9,(anonymous_2)
FNF:3
FNH:3
FNDA:1,(anonymous_0)
FNDA:1,(anonymous_1)
FNDA:3,(anonymous_2)
DA:1,1
DA:3,1
DA:5,1
DA:9,3
LF:4
LH:4
BRF:0
BRH:0
end_of_record
TN:
SF:/Users/alexandrenunes/Documents/projetos/mathml2asciimath/asciimath-tags/MSqrt.js
FN:4,(anonymous_0)
FN:8,(anonymous_1)
FNF:2
FNH:2
FNDA:1,(anonymous_0)
FNDA:1,(anonymous_1)
DA:1,1
DA:3,1
DA:5,1
DA:9,1
DA:11,1
DA:13,1
LF:6
LH:6
BRDA:11,0,0,0
BRDA:11,0,1,1
BRF:2
BRH:1
end_of_record
TN:
SF:/Users/alexandrenunes/Documents/projetos/mathml2asciimath/asciimath-tags/MSup.js
FN:4,(anonymous_0)
FN:8,(anonymous_1)
FN:24,(anonymous_2)
FNF:3
FNH:0
FNDA:0,(anonymous_0)
FNDA:0,(anonymous_1)
FNDA:0,(anonymous_2)
DA:1,1
DA:3,1
DA:5,0
DA:9,0
DA:11,0
DA:12,0
DA:15,0
DA:16,0
DA:17,0
DA:18,0
DA:20,0
DA:24,1
DA:25,0
LF:13
LH:3
BRDA:11,0,0,0
BRDA:11,0,1,0
BRDA:25,1,0,0
BRDA:25,1,1,0
BRF:4
BRH:0
end_of_record
TN:
SF:/Users/alexandrenunes/Documents/projetos/mathml2asciimath/asciimath-tags/Math.js
FN:4,(anonymous_0)
FN:8,(anonymous_1)
FN:9,(anonymous_2)
FNF:3
FNH:3
FNDA:4,(anonymous_0)
FNDA:4,(anonymous_1)
FNDA:4,(anonymous_2)
DA:1,1
DA:3,1
DA:5,4
DA:9,4
LF:4
LH:4
BRF:0
BRH:0
end_of_record
TN:
SF:/Users/alexandrenunes/Documents/projetos/mathml2asciimath/dispatcher/Dispatcher.js
FN:10,(anonymous_0)
FN:14,(anonymous_1)
FN:16,(anonymous_2)
FNF:3
FNH:3
FNDA:12,(anonymous_0)
FNDA:12,(anonymous_1)
FNDA:8,(anonymous_2)
DA:1,1
DA:2,1
DA:3,1
DA:4,1
DA:5,1
DA:6,1
DA:7,1
DA:9,1
DA:11,12
DA:15,12
DA:16,12
DA:18,12
DA:20,4
DA:22,1
DA:24,0
DA:26,1
DA:28,1
DA:30,2
DA:32,3
DA:34,0
DA:35,0
LF:21
LH:18
BRDA:18,0,0,4
BRDA:18,0,1,1
BRDA:18,0,2,0
BRDA:18,0,3,1
BRDA:18,0,4,1
BRDA:18,0,5,2
BRDA:18,0,6,3
BRDA:18,0,7,0
BRF:8
BRH:6
end_of_record
TN:
SF:/Users/alexandrenunes/Documents/projetos/mathml2asciimath/interfaces/AsciiInterface.js
FN:4,(anonymous_0)
FN:8,(anonymous_1)
FN:9,(anonymous_2)
FN:12,(anonymous_3)
FNF:4
FNH:4
FNDA:4,(anonymous_0)
FNDA:4,(anonymous_1)
FNDA:4,(anonymous_2)
FNDA:4,(anonymous_3)
DA:1,1
DA:3,1
DA:5,4
DA:9,4
DA:13,4
LF:5
LH:5
BRF:0
BRH:0
end_of_record
TN:
SF:/Users/alexandrenunes/Documents/projetos/mathml2asciimath/interfaces/XmldocInterface.js
FN:4,(anonymous_0)
FN:8,(anonymous_1)
FN:12,(anonymous_2)
FN:14,(anonymous_3)
FN:15,(anonymous_4)
FN:18,(anonymous_5)
FN:27,(anonymous_6)
FN:34,(anonymous_7)
FNF:8
FNH:8
FNDA:4,(anonymous_0)
FNDA:4,(anonymous_1)
FNDA:16,(anonymous_2)
FNDA:30,(anonymous_3)
FNDA:12,(anonymous_4)
FNDA:12,(anonymous_5)
FNDA:4,(anonymous_6)
FNDA:12,(anonymous_7)
DA:1,1
DA:3,1
DA:5,4
DA:9,4
DA:13,16
DA:14,30
DA:15,12
DA:19,12
DA:28,4
DA:32,1
DA:34,12
LF:11
LH:11
BRDA:23,0,0,0
BRDA:23,0,1,12
BRF:2
BRH:1
end_of_record
